<?xml version="1.0" encoding="UTF-8" standalone="yes"?>
<ns2:test-suite start="1467908513744" stop="1467908537006" version="1.4.22" xmlns:ns2="urn:model.allure.qatools.yandex.ru">
    <name>Default Suite : KismiaMVN</name>
    <title>Default Suite : KismiaMVN</title>
    <test-cases>
        <test-case start="1467908533454" stop="1467908535391" status="failed">
            <name>changeEducation[1]</name>
            <failure>
                <message>AssertionError: expected [1] but found [0]</message>
                <stack-trace>java.lang.AssertionError: expected [1] but found [0]
	at org.testng.Assert.fail(Assert.java:94)
	at org.testng.Assert.failNotEquals(Assert.java:513)
	at org.testng.Assert.assertEqualsImpl(Assert.java:135)
	at org.testng.Assert.assertEquals(Assert.java:116)
	at org.testng.Assert.assertEquals(Assert.java:190)
	at org.testng.Assert.assertEquals(Assert.java:200)
	at profile.ChangeProfileInfo.changeEducation(ChangeProfileInfo.java:53)
	at sun.reflect.NativeMethodAccessorImpl.invoke0(Native Method)
	at sun.reflect.NativeMethodAccessorImpl.invoke(NativeMethodAccessorImpl.java:62)
	at sun.reflect.DelegatingMethodAccessorImpl.invoke(DelegatingMethodAccessorImpl.java:43)
	at java.lang.reflect.Method.invoke(Method.java:498)
	at org.testng.internal.MethodInvocationHelper.invokeMethod(MethodInvocationHelper.java:86)
	at org.testng.internal.Invoker.invokeMethod(Invoker.java:643)
	at org.testng.internal.Invoker.invokeTestMethod(Invoker.java:820)
	at org.testng.internal.Invoker.invokeTestMethods(Invoker.java:1128)
	at org.testng.internal.TestMethodWorker.invokeTestMethods(TestMethodWorker.java:129)
	at org.testng.internal.TestMethodWorker.run(TestMethodWorker.java:112)
	at org.testng.TestRunner.privateRun(TestRunner.java:782)
	at org.testng.TestRunner.run(TestRunner.java:632)
	at org.testng.SuiteRunner.runTest(SuiteRunner.java:366)
	at org.testng.SuiteRunner.runSequentially(SuiteRunner.java:361)
	at org.testng.SuiteRunner.privateRun(SuiteRunner.java:319)
	at org.testng.SuiteRunner.run(SuiteRunner.java:268)
	at org.testng.SuiteRunnerWorker.runSuite(SuiteRunnerWorker.java:52)
	at org.testng.SuiteRunnerWorker.run(SuiteRunnerWorker.java:86)
	at org.testng.TestNG.runSuitesSequentially(TestNG.java:1244)
	at org.testng.TestNG.runSuitesLocally(TestNG.java:1169)
	at org.testng.TestNG.run(TestNG.java:1064)
	at org.testng.IDEARemoteTestNG.run(IDEARemoteTestNG.java:74)
	at org.testng.RemoteTestNGStarter.main(RemoteTestNGStarter.java:121)
	at sun.reflect.NativeMethodAccessorImpl.invoke0(Native Method)
	at sun.reflect.NativeMethodAccessorImpl.invoke(NativeMethodAccessorImpl.java:62)
	at sun.reflect.DelegatingMethodAccessorImpl.invoke(DelegatingMethodAccessorImpl.java:43)
	at java.lang.reflect.Method.invoke(Method.java:498)
	at com.intellij.rt.execution.application.AppMain.main(AppMain.java:144)
</stack-trace>
            </failure>
            <steps>
                <step start="1467908519600" stop="1467908529629" status="passed">
                    <name>login[bevov@divismail.ru, ahtung]</name>
                    <title>Login procedure with email: bevov@divismail.ru and password: ahtung</title>
                    <steps>
                        <step start="1467908519606" stop="1467908524030" status="passed">
                            <name>openPage</name>
                            <title>Open index page</title>
                        </step>
                        <step start="1467908524036" stop="1467908524408" status="passed">
                            <name>type[By.id: user-email, bevov@divismail.ru]</name>
                            <title>Type to bevov@divismail.ru field By.id: user-email</title>
                        </step>
                        <step start="1467908524411" stop="1467908524670" status="passed">
                            <name>type[By.id: user-password, ahtung]</name>
                            <title>Type to ahtung field By.id: user-password</title>
                        </step>
                        <step start="1467908524672" stop="1467908524800" status="passed">
                            <name>clickSubmit</name>
                            <title>Click SUBMIT button</title>
                        </step>
                    </steps>
                </step>
                <step start="1467908529631" stop="1467908533381" status="passed">
                    <name>openPage</name>
                    <title>Open profile page</title>
                </step>
                <step start="1467908533457" stop="1467908533687" status="passed">
                    <name>clickEditUserInfo</name>
                    <title>Click EDIT USER INFO</title>
                </step>
                <step start="1467908533689" stop="1467908534070" status="passed">
                    <name>setEducation[1]</name>
                    <steps>
                        <step start="1467908533692" stop="1467908534070" status="passed">
                            <name>chooseFromDropList[By.name: education, By.xpath: //*[@name='education']/option[@value='1']]</name>
                            <title>Choose By.xpath: //*[@name='education']/option[@value='1'] from drop down list By.name: education</title>
                        </step>
                    </steps>
                </step>
                <step start="1467908534073" stop="1467908534180" status="passed">
                    <name>clickUserInfoSave</name>
                </step>
                <step start="1467908534183" stop="1467908534314" status="passed">
                    <name>clickEditUserInfo</name>
                    <title>Click EDIT USER INFO</title>
                </step>
                <step start="1467908534317" stop="1467908534496" status="passed">
                    <name>getEducation</name>
                    <title>Read current education</title>
                </step>
            </steps>
            <attachments>
                <attachment title="changeEducation" source="c68244eb-b725-4b0a-9769-8c22e6ef4cc7-attachment.png" type="image/png"/>
            </attachments>
            <labels>
                <label name="host" value="ALEX"/>
                <label name="thread" value="7196@ALEX.main(1)"/>
            </labels>
        </test-case>
    </test-cases>
    <labels>
        <label name="framework" value="TestNG"/>
        <label name="language" value="JAVA"/>
    </labels>
</ns2:test-suite>
