<?xml version="1.0" encoding="UTF-8" standalone="yes"?>
<ns2:test-suite start="1467914416709" stop="1467914453762" version="1.4.22" xmlns:ns2="urn:model.allure.qatools.yandex.ru">
    <name>Default Suite : KismiaMVN</name>
    <title>Default Suite : KismiaMVN</title>
    <test-cases>
        <test-case start="1467914449595" stop="1467914451274" status="failed">
            <name>changeEducation[3]</name>
            <failure>
                <message>AssertionError: expected [3] but found [2]</message>
                <stack-trace>java.lang.AssertionError: expected [3] but found [2]
	at org.testng.Assert.fail(Assert.java:94)
	at org.testng.Assert.failNotEquals(Assert.java:513)
	at org.testng.Assert.assertEqualsImpl(Assert.java:135)
	at org.testng.Assert.assertEquals(Assert.java:116)
	at org.testng.Assert.assertEquals(Assert.java:190)
	at org.testng.Assert.assertEquals(Assert.java:200)
	at profile.ChangeProfileInfo.changeEducation(ChangeProfileInfo.java:58)
	at sun.reflect.NativeMethodAccessorImpl.invoke0(Native Method)
	at sun.reflect.NativeMethodAccessorImpl.invoke(NativeMethodAccessorImpl.java:62)
	at sun.reflect.DelegatingMethodAccessorImpl.invoke(DelegatingMethodAccessorImpl.java:43)
	at java.lang.reflect.Method.invoke(Method.java:498)
	at org.testng.internal.MethodInvocationHelper.invokeMethod(MethodInvocationHelper.java:86)
	at org.testng.internal.Invoker.invokeMethod(Invoker.java:643)
	at org.testng.internal.Invoker.invokeTestMethod(Invoker.java:820)
	at org.testng.internal.Invoker.invokeTestMethods(Invoker.java:1128)
	at org.testng.internal.TestMethodWorker.invokeTestMethods(TestMethodWorker.java:129)
	at org.testng.internal.TestMethodWorker.run(TestMethodWorker.java:112)
	at org.testng.TestRunner.privateRun(TestRunner.java:782)
	at org.testng.TestRunner.run(TestRunner.java:632)
	at org.testng.SuiteRunner.runTest(SuiteRunner.java:366)
	at org.testng.SuiteRunner.runSequentially(SuiteRunner.java:361)
	at org.testng.SuiteRunner.privateRun(SuiteRunner.java:319)
	at org.testng.SuiteRunner.run(SuiteRunner.java:268)
	at org.testng.SuiteRunnerWorker.runSuite(SuiteRunnerWorker.java:52)
	at org.testng.SuiteRunnerWorker.run(SuiteRunnerWorker.java:86)
	at org.testng.TestNG.runSuitesSequentially(TestNG.java:1244)
	at org.testng.TestNG.runSuitesLocally(TestNG.java:1169)
	at org.testng.TestNG.run(TestNG.java:1064)
	at org.testng.IDEARemoteTestNG.run(IDEARemoteTestNG.java:74)
	at org.testng.RemoteTestNGStarter.main(RemoteTestNGStarter.java:121)
	at sun.reflect.NativeMethodAccessorImpl.invoke0(Native Method)
	at sun.reflect.NativeMethodAccessorImpl.invoke(NativeMethodAccessorImpl.java:62)
	at sun.reflect.DelegatingMethodAccessorImpl.invoke(DelegatingMethodAccessorImpl.java:43)
	at java.lang.reflect.Method.invoke(Method.java:498)
	at com.intellij.rt.execution.application.AppMain.main(AppMain.java:144)
</stack-trace>
            </failure>
            <steps>
                <step start="1467914421257" stop="1467914445956" status="passed">
                    <name>login[bevov@divismail.ru, ahtung]</name>
                    <title>Login procedure with email: bevov@divismail.ru and password: ahtung</title>
                    <steps>
                        <step start="1467914421262" stop="1467914425297" status="passed">
                            <name>openPage</name>
                            <title>Open index page</title>
                        </step>
                        <step start="1467914425302" stop="1467914425906" status="passed">
                            <name>type[By.id: user-email, bevov@divismail.ru]</name>
                            <title>Type to bevov@divismail.ru field By.id: user-email</title>
                        </step>
                        <step start="1467914425909" stop="1467914426281" status="passed">
                            <name>type[By.id: user-password, ahtung]</name>
                            <title>Type to ahtung field By.id: user-password</title>
                        </step>
                        <step start="1467914426283" stop="1467914426447" status="passed">
                            <name>clickSubmit</name>
                            <title>Click SUBMIT button</title>
                        </step>
                    </steps>
                </step>
                <step start="1467914445958" stop="1467914449537" status="passed">
                    <name>openPage</name>
                    <title>Open profile page</title>
                </step>
                <step start="1467914449599" stop="1467914449840" status="passed">
                    <name>clickEditUserInfo</name>
                    <title>Click EDIT USER INFO</title>
                </step>
                <step start="1467914449843" stop="1467914450161" status="passed">
                    <name>setEducation[3]</name>
                    <steps>
                        <step start="1467914449957" stop="1467914450161" status="passed">
                            <name>chooseFromDropList[By.name: education, 3]</name>
                            <title>Choose 3 from drop down list By.name: education</title>
                        </step>
                    </steps>
                </step>
                <step start="1467914450164" stop="1467914450340" status="passed">
                    <name>getEducation</name>
                    <title>Read current education</title>
                </step>
                <step start="1467914450341" stop="1467914450473" status="passed">
                    <name>getEducation</name>
                    <title>Read current education</title>
                </step>
            </steps>
            <attachments>
                <attachment title="changeEducation" source="a53ccd04-11a0-4e9c-a20a-a411bdae1569-attachment.png" type="image/png"/>
            </attachments>
            <labels>
                <label name="host" value="ALEX"/>
                <label name="thread" value="5808@ALEX.main(1)"/>
            </labels>
        </test-case>
    </test-cases>
    <labels>
        <label name="framework" value="TestNG"/>
        <label name="language" value="JAVA"/>
    </labels>
</ns2:test-suite>
