<?xml version="1.0" encoding="UTF-8" standalone="yes"?>
<ns2:test-suite start="1467914314087" stop="1467914335906" version="1.4.22" xmlns:ns2="urn:model.allure.qatools.yandex.ru">
    <name>Default Suite : KismiaMVN</name>
    <title>Default Suite : KismiaMVN</title>
    <test-cases>
        <test-case start="1467914334162" stop="1467914335898" status="failed">
            <name>changeEducation[1]</name>
            <failure>
                <message>AssertionError: expected [1] but found [2]</message>
                <stack-trace>java.lang.AssertionError: expected [1] but found [2]
	at org.testng.Assert.fail(Assert.java:94)
	at org.testng.Assert.failNotEquals(Assert.java:513)
	at org.testng.Assert.assertEqualsImpl(Assert.java:135)
	at org.testng.Assert.assertEquals(Assert.java:116)
	at org.testng.Assert.assertEquals(Assert.java:190)
	at org.testng.Assert.assertEquals(Assert.java:200)
	at profile.ChangeProfileInfo.changeEducation(ChangeProfileInfo.java:58)
	at sun.reflect.NativeMethodAccessorImpl.invoke0(Native Method)
	at sun.reflect.NativeMethodAccessorImpl.invoke(NativeMethodAccessorImpl.java:62)
	at sun.reflect.DelegatingMethodAccessorImpl.invoke(DelegatingMethodAccessorImpl.java:43)
	at java.lang.reflect.Method.invoke(Method.java:498)
	at org.testng.internal.MethodInvocationHelper.invokeMethod(MethodInvocationHelper.java:86)
	at org.testng.internal.Invoker.invokeMethod(Invoker.java:643)
	at org.testng.internal.Invoker.invokeTestMethod(Invoker.java:820)
	at org.testng.internal.Invoker.invokeTestMethods(Invoker.java:1128)
	at org.testng.internal.TestMethodWorker.invokeTestMethods(TestMethodWorker.java:129)
	at org.testng.internal.TestMethodWorker.run(TestMethodWorker.java:112)
	at org.testng.TestRunner.privateRun(TestRunner.java:782)
	at org.testng.TestRunner.run(TestRunner.java:632)
	at org.testng.SuiteRunner.runTest(SuiteRunner.java:366)
	at org.testng.SuiteRunner.runSequentially(SuiteRunner.java:361)
	at org.testng.SuiteRunner.privateRun(SuiteRunner.java:319)
	at org.testng.SuiteRunner.run(SuiteRunner.java:268)
	at org.testng.SuiteRunnerWorker.runSuite(SuiteRunnerWorker.java:52)
	at org.testng.SuiteRunnerWorker.run(SuiteRunnerWorker.java:86)
	at org.testng.TestNG.runSuitesSequentially(TestNG.java:1244)
	at org.testng.TestNG.runSuitesLocally(TestNG.java:1169)
	at org.testng.TestNG.run(TestNG.java:1064)
	at org.testng.IDEARemoteTestNG.run(IDEARemoteTestNG.java:74)
	at org.testng.RemoteTestNGStarter.main(RemoteTestNGStarter.java:121)
	at sun.reflect.NativeMethodAccessorImpl.invoke0(Native Method)
	at sun.reflect.NativeMethodAccessorImpl.invoke(NativeMethodAccessorImpl.java:62)
	at sun.reflect.DelegatingMethodAccessorImpl.invoke(DelegatingMethodAccessorImpl.java:43)
	at java.lang.reflect.Method.invoke(Method.java:498)
	at com.intellij.rt.execution.application.AppMain.main(AppMain.java:144)
</stack-trace>
            </failure>
            <steps>
                <step start="1467914320210" stop="1467914330186" status="passed">
                    <name>login[bevov@divismail.ru, ahtung]</name>
                    <title>Login procedure with email: bevov@divismail.ru and password: ahtung</title>
                    <steps>
                        <step start="1467914320215" stop="1467914324515" status="passed">
                            <name>openPage</name>
                            <title>Open index page</title>
                        </step>
                        <step start="1467914324524" stop="1467914324940" status="passed">
                            <name>type[By.id: user-email, bevov@divismail.ru]</name>
                            <title>Type to bevov@divismail.ru field By.id: user-email</title>
                        </step>
                        <step start="1467914324944" stop="1467914325202" status="passed">
                            <name>type[By.id: user-password, ahtung]</name>
                            <title>Type to ahtung field By.id: user-password</title>
                        </step>
                        <step start="1467914325205" stop="1467914325377" status="passed">
                            <name>clickSubmit</name>
                            <title>Click SUBMIT button</title>
                        </step>
                    </steps>
                </step>
                <step start="1467914330189" stop="1467914334107" status="passed">
                    <name>openPage</name>
                    <title>Open profile page</title>
                </step>
                <step start="1467914334165" stop="1467914334382" status="passed">
                    <name>clickEditUserInfo</name>
                    <title>Click EDIT USER INFO</title>
                </step>
                <step start="1467914334384" stop="1467914334775" status="passed">
                    <name>setEducation[1]</name>
                    <steps>
                        <step start="1467914334510" stop="1467914334775" status="passed">
                            <name>chooseFromDropList[By.name: education, 1]</name>
                            <title>Choose 1 from drop down list By.name: education</title>
                        </step>
                    </steps>
                </step>
                <step start="1467914334778" stop="1467914334972" status="passed">
                    <name>getEducation</name>
                    <title>Read current education</title>
                </step>
                <step start="1467914334973" stop="1467914335088" status="passed">
                    <name>getEducation</name>
                    <title>Read current education</title>
                </step>
            </steps>
            <attachments>
                <attachment title="changeEducation" source="1d4146f2-4fe0-45d9-b3f7-7dd887097718-attachment.png" type="image/png"/>
            </attachments>
            <labels>
                <label name="host" value="ALEX"/>
                <label name="thread" value="6960@ALEX.main(1)"/>
            </labels>
        </test-case>
    </test-cases>
    <labels>
        <label name="framework" value="TestNG"/>
        <label name="language" value="JAVA"/>
    </labels>
</ns2:test-suite>
