<?xml version="1.0" encoding="UTF-8" standalone="yes"?>
<ns2:test-suite start="1467749241770" stop="1467749259699" version="1.4.22" xmlns:ns2="urn:model.allure.qatools.yandex.ru">
    <name>Default Suite : kismia</name>
    <title>Default Suite : kismia</title>
    <test-cases>
        <test-case start="1467749251659" stop="1467749256279" status="failed">
            <name>testAboutProject</name>
            <failure>
                <message>AssertionError: Expected "false" but saw "true" instead</message>
                <stack-trace>java.lang.AssertionError: Expected "false" but saw "true" instead
	at com.thoughtworks.selenium.SeleneseTestBase.fail(SeleneseTestBase.java:430)
	at com.thoughtworks.selenium.SeleneseTestBase.assertTrue(SeleneseTestBase.java:434)
	at com.thoughtworks.selenium.SeleneseTestBase.assertEquals(SeleneseTestBase.java:211)
	at com.thoughtworks.selenium.SeleneseTestNgHelper.assertEquals(SeleneseTestNgHelper.java:104)
	at footer.FooterLinks.testAboutProject(FooterLinks.java:43)
	at sun.reflect.NativeMethodAccessorImpl.invoke0(Native Method)
	at sun.reflect.NativeMethodAccessorImpl.invoke(NativeMethodAccessorImpl.java:62)
	at sun.reflect.DelegatingMethodAccessorImpl.invoke(DelegatingMethodAccessorImpl.java:43)
	at java.lang.reflect.Method.invoke(Method.java:498)
	at org.testng.internal.MethodInvocationHelper.invokeMethod(MethodInvocationHelper.java:86)
	at org.testng.internal.Invoker.invokeMethod(Invoker.java:643)
	at org.testng.internal.Invoker.invokeTestMethod(Invoker.java:820)
	at org.testng.internal.Invoker.invokeTestMethods(Invoker.java:1128)
	at org.testng.internal.TestMethodWorker.invokeTestMethods(TestMethodWorker.java:129)
	at org.testng.internal.TestMethodWorker.run(TestMethodWorker.java:112)
	at org.testng.TestRunner.privateRun(TestRunner.java:782)
	at org.testng.TestRunner.run(TestRunner.java:632)
	at org.testng.SuiteRunner.runTest(SuiteRunner.java:366)
	at org.testng.SuiteRunner.runSequentially(SuiteRunner.java:361)
	at org.testng.SuiteRunner.privateRun(SuiteRunner.java:319)
	at org.testng.SuiteRunner.run(SuiteRunner.java:268)
	at org.testng.SuiteRunnerWorker.runSuite(SuiteRunnerWorker.java:52)
	at org.testng.SuiteRunnerWorker.run(SuiteRunnerWorker.java:86)
	at org.testng.TestNG.runSuitesSequentially(TestNG.java:1244)
	at org.testng.TestNG.runSuitesLocally(TestNG.java:1169)
	at org.testng.TestNG.run(TestNG.java:1064)
	at org.apache.maven.surefire.testng.TestNGExecutor.run(TestNGExecutor.java:282)
	at org.apache.maven.surefire.testng.TestNGXmlTestSuite.execute(TestNGXmlTestSuite.java:83)
	at org.apache.maven.surefire.testng.TestNGProvider.invoke(TestNGProvider.java:114)
	at org.apache.maven.surefire.booter.ForkedBooter.invokeProviderInSameClassLoader(ForkedBooter.java:286)
	at org.apache.maven.surefire.booter.ForkedBooter.runSuitesInProcess(ForkedBooter.java:240)
	at org.apache.maven.surefire.booter.ForkedBooter.main(ForkedBooter.java:121)
</stack-trace>
            </failure>
            <steps>
                <step start="1467749247081" stop="1467749251564" status="passed">
                    <name>openPage</name>
                    <title>Open index page</title>
                </step>
                <step start="1467749251668" stop="1467749254788" status="passed">
                    <name>clickAboutProject</name>
                </step>
            </steps>
            <attachments>
                <attachment title="testAboutProject" source="03ef1668-ab32-40a0-aca8-ab096ba40852-attachment.png" type="image/png"/>
            </attachments>
            <labels>
                <label name="story" value="Possibility to move ot pages from the footer"/>
                <label name="feature" value="Footer links"/>
                <label name="host" value="ALEX"/>
                <label name="thread" value="3096@ALEX.main(1)"/>
            </labels>
        </test-case>
    </test-cases>
    <labels>
        <label name="framework" value="TestNG"/>
        <label name="language" value="JAVA"/>
    </labels>
</ns2:test-suite>
