<?xml version="1.0" encoding="UTF-8" standalone="yes"?>
<ns2:test-suite start="1467921173196" stop="1467921213518" version="1.4.22" xmlns:ns2="urn:model.allure.qatools.yandex.ru">
    <name>Default Suite : KismiaMVN</name>
    <title>Default Suite : KismiaMVN</title>
    <test-cases>
        <test-case start="1467921193498" stop="1467921198180" status="passed">
            <name>changeEducation[0]</name>
            <steps>
                <step start="1467921178985" stop="1467921189145" status="passed">
                    <name>login[bevov@divismail.ru, ahtung]</name>
                    <title>Login procedure with email: bevov@divismail.ru and password: ahtung</title>
                    <attachments/>
                    <steps>
                        <step start="1467921178990" stop="1467921183233" status="passed">
                            <name>openPage</name>
                            <title>Open index page</title>
                            <attachments/>
                            <steps/>
                        </step>
                        <step start="1467921183239" stop="1467921183878" status="passed">
                            <name>type[By.id: user-email, bevov@divismail.ru]</name>
                            <title>Type to bevov@divismail.ru field By.id: user-email</title>
                            <attachments/>
                            <steps/>
                        </step>
                        <step start="1467921183881" stop="1467921184209" status="passed">
                            <name>type[By.id: user-password, ahtung]</name>
                            <title>Type to ahtung field By.id: user-password</title>
                            <attachments/>
                            <steps/>
                        </step>
                        <step start="1467921184212" stop="1467921184358" status="passed">
                            <name>clickSubmit</name>
                            <title>Click SUBMIT button</title>
                            <attachments/>
                            <steps/>
                        </step>
                    </steps>
                </step>
                <step start="1467921189150" stop="1467921193417" status="passed">
                    <name>openPage</name>
                    <title>Open profile page</title>
                    <attachments/>
                    <steps/>
                </step>
                <step start="1467921193503" stop="1467921193689" status="passed">
                    <name>clickEditUserInfo</name>
                    <title>Click EDIT USER INFO</title>
                    <attachments/>
                    <steps/>
                </step>
                <step start="1467921193691" stop="1467921193958" status="passed">
                    <name>setEducation[0]</name>
                    <attachments/>
                    <steps>
                        <step start="1467921193818" stop="1467921193958" status="passed">
                            <name>chooseFromDropList[By.name: education, 0]</name>
                            <title>Choose 0 from drop down list By.name: education</title>
                            <attachments/>
                            <steps/>
                        </step>
                    </steps>
                </step>
                <step start="1467921193960" stop="1467921194072" status="passed">
                    <name>clickUserInfoSave</name>
                    <attachments/>
                    <steps/>
                </step>
                <step start="1467921194241" stop="1467921198172" status="passed">
                    <name>getEducation</name>
                    <title>Read current education</title>
                    <attachments/>
                    <steps/>
                </step>
            </steps>
            <attachments/>
            <labels>
                <label name="host" value="ALEX"/>
                <label name="thread" value="3424@ALEX.main(1)"/>
            </labels>
        </test-case>
        <test-case start="1467921198186" stop="1467921202654" status="passed">
            <name>changeEducation[1]</name>
            <steps>
                <step start="1467921198188" stop="1467921198448" status="passed">
                    <name>clickEditUserInfo</name>
                    <title>Click EDIT USER INFO</title>
                    <attachments/>
                    <steps/>
                </step>
                <step start="1467921198450" stop="1467921198730" status="passed">
                    <name>setEducation[1]</name>
                    <attachments/>
                    <steps>
                        <step start="1467921198523" stop="1467921198730" status="passed">
                            <name>chooseFromDropList[By.name: education, 1]</name>
                            <title>Choose 1 from drop down list By.name: education</title>
                            <attachments/>
                            <steps/>
                        </step>
                    </steps>
                </step>
                <step start="1467921198731" stop="1467921198822" status="passed">
                    <name>clickUserInfoSave</name>
                    <attachments/>
                    <steps/>
                </step>
                <step start="1467921198922" stop="1467921202654" status="passed">
                    <name>getEducation</name>
                    <title>Read current education</title>
                    <attachments/>
                    <steps/>
                </step>
            </steps>
            <attachments/>
            <labels>
                <label name="host" value="ALEX"/>
                <label name="thread" value="3424@ALEX.main(1)"/>
            </labels>
        </test-case>
        <test-case start="1467921202658" stop="1467921206577" status="passed">
            <name>changeEducation[2]</name>
            <steps>
                <step start="1467921202661" stop="1467921202900" status="passed">
                    <name>clickEditUserInfo</name>
                    <title>Click EDIT USER INFO</title>
                    <attachments/>
                    <steps/>
                </step>
                <step start="1467921202902" stop="1467921203113" status="passed">
                    <name>setEducation[2]</name>
                    <attachments/>
                    <steps>
                        <step start="1467921202955" stop="1467921203113" status="passed">
                            <name>chooseFromDropList[By.name: education, 2]</name>
                            <title>Choose 2 from drop down list By.name: education</title>
                            <attachments/>
                            <steps/>
                        </step>
                    </steps>
                </step>
                <step start="1467921203114" stop="1467921203186" status="passed">
                    <name>clickUserInfoSave</name>
                    <attachments/>
                    <steps/>
                </step>
                <step start="1467921203277" stop="1467921206577" status="passed">
                    <name>getEducation</name>
                    <title>Read current education</title>
                    <attachments/>
                    <steps/>
                </step>
            </steps>
            <attachments/>
            <labels>
                <label name="host" value="ALEX"/>
                <label name="thread" value="3424@ALEX.main(1)"/>
            </labels>
        </test-case>
        <test-case start="1467921206579" stop="1467921210480" status="passed">
            <name>changeEducation[3]</name>
            <steps>
                <step start="1467921206581" stop="1467921206782" status="passed">
                    <name>clickEditUserInfo</name>
                    <title>Click EDIT USER INFO</title>
                    <attachments/>
                    <steps/>
                </step>
                <step start="1467921206783" stop="1467921207044" status="passed">
                    <name>setEducation[3]</name>
                    <attachments/>
                    <steps>
                        <step start="1467921206873" stop="1467921207044" status="passed">
                            <name>chooseFromDropList[By.name: education, 3]</name>
                            <title>Choose 3 from drop down list By.name: education</title>
                            <attachments/>
                            <steps/>
                        </step>
                    </steps>
                </step>
                <step start="1467921207045" stop="1467921207140" status="passed">
                    <name>clickUserInfoSave</name>
                    <attachments/>
                    <steps/>
                </step>
                <step start="1467921207252" stop="1467921210480" status="passed">
                    <name>getEducation</name>
                    <title>Read current education</title>
                    <attachments/>
                    <steps/>
                </step>
            </steps>
            <attachments/>
            <labels>
                <label name="host" value="ALEX"/>
                <label name="thread" value="3424@ALEX.main(1)"/>
            </labels>
        </test-case>
        <test-case start="1467921210483" stop="1467921211937" status="failed">
            <name>changeEducation[4]</name>
            <failure>
                <message>AssertionError: expected [4] but found [3]</message>
                <stack-trace>java.lang.AssertionError: expected [4] but found [3]
	at org.testng.Assert.fail(Assert.java:94)
	at org.testng.Assert.failNotEquals(Assert.java:513)
	at org.testng.Assert.assertEqualsImpl(Assert.java:135)
	at org.testng.Assert.assertEquals(Assert.java:116)
	at org.testng.Assert.assertEquals(Assert.java:190)
	at org.testng.Assert.assertEquals(Assert.java:200)
	at profile.ChangeProfileInfo.changeEducation(ChangeProfileInfo.java:62)
	at sun.reflect.NativeMethodAccessorImpl.invoke0(Native Method)
	at sun.reflect.NativeMethodAccessorImpl.invoke(NativeMethodAccessorImpl.java:62)
	at sun.reflect.DelegatingMethodAccessorImpl.invoke(DelegatingMethodAccessorImpl.java:43)
	at java.lang.reflect.Method.invoke(Method.java:498)
	at org.testng.internal.MethodInvocationHelper.invokeMethod(MethodInvocationHelper.java:86)
	at org.testng.internal.Invoker.invokeMethod(Invoker.java:643)
	at org.testng.internal.Invoker.invokeTestMethod(Invoker.java:820)
	at org.testng.internal.Invoker.invokeTestMethods(Invoker.java:1128)
	at org.testng.internal.TestMethodWorker.invokeTestMethods(TestMethodWorker.java:129)
	at org.testng.internal.TestMethodWorker.run(TestMethodWorker.java:112)
	at org.testng.TestRunner.privateRun(TestRunner.java:782)
	at org.testng.TestRunner.run(TestRunner.java:632)
	at org.testng.SuiteRunner.runTest(SuiteRunner.java:366)
	at org.testng.SuiteRunner.runSequentially(SuiteRunner.java:361)
	at org.testng.SuiteRunner.privateRun(SuiteRunner.java:319)
	at org.testng.SuiteRunner.run(SuiteRunner.java:268)
	at org.testng.SuiteRunnerWorker.runSuite(SuiteRunnerWorker.java:52)
	at org.testng.SuiteRunnerWorker.run(SuiteRunnerWorker.java:86)
	at org.testng.TestNG.runSuitesSequentially(TestNG.java:1244)
	at org.testng.TestNG.runSuitesLocally(TestNG.java:1169)
	at org.testng.TestNG.run(TestNG.java:1064)
	at org.testng.IDEARemoteTestNG.run(IDEARemoteTestNG.java:74)
	at org.testng.RemoteTestNGStarter.main(RemoteTestNGStarter.java:121)
	at sun.reflect.NativeMethodAccessorImpl.invoke0(Native Method)
	at sun.reflect.NativeMethodAccessorImpl.invoke(NativeMethodAccessorImpl.java:62)
	at sun.reflect.DelegatingMethodAccessorImpl.invoke(DelegatingMethodAccessorImpl.java:43)
	at java.lang.reflect.Method.invoke(Method.java:498)
	at com.intellij.rt.execution.application.AppMain.main(AppMain.java:144)
</stack-trace>
            </failure>
            <steps>
                <step start="1467921210485" stop="1467921210636" status="passed">
                    <name>clickEditUserInfo</name>
                    <title>Click EDIT USER INFO</title>
                </step>
                <step start="1467921210637" stop="1467921210878" status="passed">
                    <name>setEducation[4]</name>
                    <steps>
                        <step start="1467921210702" stop="1467921210878" status="passed">
                            <name>chooseFromDropList[By.name: education, 4]</name>
                            <title>Choose 4 from drop down list By.name: education</title>
                        </step>
                    </steps>
                </step>
                <step start="1467921210880" stop="1467921210972" status="passed">
                    <name>clickUserInfoSave</name>
                </step>
                <step start="1467921211064" stop="1467921211090" status="passed">
                    <name>getEducation</name>
                    <title>Read current education</title>
                </step>
            </steps>
            <attachments>
                <attachment title="changeEducation" source="4926abcf-82e5-4995-abcb-f7196a28d2a4-attachment.png" type="image/png"/>
            </attachments>
            <labels>
                <label name="host" value="ALEX"/>
                <label name="thread" value="3424@ALEX.main(1)"/>
            </labels>
        </test-case>
    </test-cases>
    <labels>
        <label name="framework" value="TestNG"/>
        <label name="language" value="JAVA"/>
    </labels>
</ns2:test-suite>
