<?xml version="1.0" encoding="UTF-8"?>
<testng-results skipped="0" failed="1" total="1" passed="0">
  <reporter-output>
  </reporter-output>
  <suite name="Default Suite" duration-ms="17929" started-at="2016-07-05T20:07:21Z" finished-at="2016-07-05T20:07:39Z">
    <groups>
    </groups>
    <test name="kismia" duration-ms="17929" started-at="2016-07-05T20:07:21Z" finished-at="2016-07-05T20:07:39Z">
      <class name="footer.FooterLinks">
        <test-method status="PASS" signature="setupChrome()[pri:0, instance:footer.FooterLinks@6438a7fe]" name="setupChrome" is-config="true" duration-ms="5003" started-at="2016-07-05T23:07:21Z" finished-at="2016-07-05T23:07:26Z">
          <reporter-output>
          </reporter-output>
        </test-method> <!-- setupChrome -->
        <test-method status="PASS" signature="start()[pri:0, instance:footer.FooterLinks@6438a7fe]" name="start" is-config="true" duration-ms="4763" started-at="2016-07-05T23:07:26Z" finished-at="2016-07-05T23:07:31Z">
          <reporter-output>
          </reporter-output>
        </test-method> <!-- start -->
        <test-method status="FAIL" signature="testAboutProject()[pri:0, instance:footer.FooterLinks@6438a7fe]" name="testAboutProject" duration-ms="3242" started-at="2016-07-05T23:07:31Z" finished-at="2016-07-05T23:07:34Z">
          <exception class="java.lang.AssertionError">
            <message>
              <![CDATA[Expected "false" but saw "true" instead]]>
            </message>
            <full-stacktrace>
              <![CDATA[java.lang.AssertionError: Expected "false" but saw "true" instead
	at com.thoughtworks.selenium.SeleneseTestBase.fail(SeleneseTestBase.java:430)
	at com.thoughtworks.selenium.SeleneseTestBase.assertTrue(SeleneseTestBase.java:434)
	at com.thoughtworks.selenium.SeleneseTestBase.assertEquals(SeleneseTestBase.java:211)
	at com.thoughtworks.selenium.SeleneseTestNgHelper.assertEquals(SeleneseTestNgHelper.java:104)
	at footer.FooterLinks.testAboutProject(FooterLinks.java:43)
	at sun.reflect.NativeMethodAccessorImpl.invoke0(Native Method)
	at sun.reflect.NativeMethodAccessorImpl.invoke(NativeMethodAccessorImpl.java:62)
	at sun.reflect.DelegatingMethodAccessorImpl.invoke(DelegatingMethodAccessorImpl.java:43)
	at java.lang.reflect.Method.invoke(Method.java:498)
	at org.testng.internal.MethodInvocationHelper.invokeMethod(MethodInvocationHelper.java:86)
	at org.testng.internal.Invoker.invokeMethod(Invoker.java:643)
	at org.testng.internal.Invoker.invokeTestMethod(Invoker.java:820)
	at org.testng.internal.Invoker.invokeTestMethods(Invoker.java:1128)
	at org.testng.internal.TestMethodWorker.invokeTestMethods(TestMethodWorker.java:129)
	at org.testng.internal.TestMethodWorker.run(TestMethodWorker.java:112)
	at org.testng.TestRunner.privateRun(TestRunner.java:782)
	at org.testng.TestRunner.run(TestRunner.java:632)
	at org.testng.SuiteRunner.runTest(SuiteRunner.java:366)
	at org.testng.SuiteRunner.runSequentially(SuiteRunner.java:361)
	at org.testng.SuiteRunner.privateRun(SuiteRunner.java:319)
	at org.testng.SuiteRunner.run(SuiteRunner.java:268)
	at org.testng.SuiteRunnerWorker.runSuite(SuiteRunnerWorker.java:52)
	at org.testng.SuiteRunnerWorker.run(SuiteRunnerWorker.java:86)
	at org.testng.TestNG.runSuitesSequentially(TestNG.java:1244)
	at org.testng.TestNG.runSuitesLocally(TestNG.java:1169)
	at org.testng.TestNG.run(TestNG.java:1064)
	at org.apache.maven.surefire.testng.TestNGExecutor.run(TestNGExecutor.java:282)
	at org.apache.maven.surefire.testng.TestNGXmlTestSuite.execute(TestNGXmlTestSuite.java:83)
	at org.apache.maven.surefire.testng.TestNGProvider.invoke(TestNGProvider.java:114)
	at org.apache.maven.surefire.booter.ForkedBooter.invokeProviderInSameClassLoader(ForkedBooter.java:286)
	at org.apache.maven.surefire.booter.ForkedBooter.runSuitesInProcess(ForkedBooter.java:240)
	at org.apache.maven.surefire.booter.ForkedBooter.main(ForkedBooter.java:121)
]]>
            </full-stacktrace>
          </exception> <!-- java.lang.AssertionError -->
          <reporter-output>
          </reporter-output>
        </test-method> <!-- testAboutProject -->
        <test-method status="PASS" signature="tearDown()[pri:0, instance:footer.FooterLinks@6438a7fe]" name="tearDown" is-config="true" duration-ms="2025" started-at="2016-07-05T23:07:37Z" finished-at="2016-07-05T23:07:39Z">
          <reporter-output>
          </reporter-output>
        </test-method> <!-- tearDown -->
      </class> <!-- footer.FooterLinks -->
    </test> <!-- kismia -->
  </suite> <!-- Default Suite -->
</testng-results>
