-------------------------------------------------------------------------------
Test set: TestSuite
-------------------------------------------------------------------------------
Tests run: 7, Failures: 1, Errors: 0, Skipped: 6, Time elapsed: 4.536 sec <<< FAILURE! - in TestSuite
login(profileSettings.ChangeProfileSettings)  Time elapsed: 4.252 sec  <<< FAILURE!
org.testng.TestNGException: 

Method login requires 2 parameters but 0 were supplied in the @Configuration annotation.

